--- Processing sample: ADT-HH117-SI-PP-nonINF-HLADR-AND-CD19-AND-GC-AND-TFH ---
--- Processing sample: ADT-HH119-SI-PP-CD19-Pool1 ---
--- Processing sample: ADT-HH119-SI-PP-CD19-Pool2 ---
--- Processing sample: ADT-HH119-SI-PP-GC-AND-PB-AND-TFH-Pool1 ---
--- Processing sample: ADT-HH119-SI-PP-GC-AND-PB-AND-TFH-Pool2 ---
--- Processing sample: BCR-HH117-SI-MILF-INF-HLADR-AND-CD19 ---
--- Processing sample: BCR-HH117-SI-MILF-nonINF-HLADR-AND-CD19 ---
--- Processing sample: BCR-HH117-SI-PP-nonINF-HLADR-AND-CD19-AND-GC-AND-TFH ---
--- Processing sample: BCR-HH117-SILP-INF-PC ---
--- Processing sample: BCR-HH117-SILP-nonINF-PC ---
--- Processing sample: BCR-HH119-CO-SMILF-CD19-AND-GC-AND-PB-AND-TFH ---
--- Processing sample: BCR-HH119-COLP-PC ---
--- Processing sample: BCR-HH119-SI-MILF-CD19-AND-GC-AND-PB-AND-TFH ---
--- Processing sample: BCR-HH119-SI-PP-CD19-Pool1 ---
--- Processing sample: BCR-HH119-SI-PP-CD19-Pool2 ---
--- Processing sample: BCR-HH119-SI-PP-GC-AND-PB-AND-TFH-Pool1 ---
--- Processing sample: BCR-HH119-SI-PP-GC-AND-PB-AND-TFH-Pool2 ---
--- Processing sample: BCR-HH119-SILP-PC ---
--- Processing sample: GEX-HH117-SI-MILF-INF-HLADR-AND-CD19 ---
--- Processing sample: GEX-HH117-SI-MILF-nonINF-HLADR-AND-CD19 ---
--- Processing sample: GEX-HH117-SI-PP-nonINF-HLADR-AND-CD19-AND-GC-AND-TFH ---
--- Processing sample: GEX-HH117-SILP-INF-PC ---
