refdata-gex-GRCh38-2024-A/
refdata-gex-GRCh38-2024-A/reference.json
refdata-gex-GRCh38-2024-A/star/
refdata-gex-GRCh38-2024-A/star/exonGeTrInfo.tab
refdata-gex-GRCh38-2024-A/star/sjdbInfo.txt
refdata-gex-GRCh38-2024-A/star/chrLength.txt
refdata-gex-GRCh38-2024-A/star/exonInfo.tab
refdata-gex-GRCh38-2024-A/star/Genome
refdata-gex-GRCh38-2024-A/star/chrName.txt
refdata-gex-GRCh38-2024-A/star/chrStart.txt
refdata-gex-GRCh38-2024-A/star/chrNameLength.txt
refdata-gex-GRCh38-2024-A/star/geneInfo.tab
refdata-gex-GRCh38-2024-A/star/transcriptInfo.tab
refdata-gex-GRCh38-2024-A/star/sjdbList.fromGTF.out.tab
refdata-gex-GRCh38-2024-A/star/sjdbList.out.tab
refdata-gex-GRCh38-2024-A/star/genomeParameters.txt
refdata-gex-GRCh38-2024-A/star/SA
refdata-gex-GRCh38-2024-A/
refdata-gex-GRCh38-2024-A/reference.json
refdata-gex-GRCh38-2024-A/star/
refdata-gex-GRCh38-2024-A/star/exonGeTrInfo.tab
refdata-gex-GRCh38-2024-A/star/sjdbInfo.txt
refdata-gex-GRCh38-2024-A/star/chrLength.txt
refdata-gex-GRCh38-2024-A/star/exonInfo.tab
refdata-gex-GRCh38-2024-A/star/Genome
refdata-gex-GRCh38-2024-A/star/chrName.txt
refdata-gex-GRCh38-2024-A/star/chrStart.txt
refdata-gex-GRCh38-2024-A/star/chrNameLength.txt
refdata-gex-GRCh38-2024-A/star/geneInfo.tab
refdata-gex-GRCh38-2024-A/star/transcriptInfo.tab
refdata-gex-GRCh38-2024-A/star/sjdbList.fromGTF.out.tab
refdata-gex-GRCh38-2024-A/star/sjdbList.out.tab
refdata-gex-GRCh38-2024-A/star/genomeParameters.txt
refdata-gex-GRCh38-2024-A/star/SA
refdata-gex-GRCh38-2024-A/star/SAindex
refdata-gex-GRCh38-2024-A/fasta/
refdata-gex-GRCh38-2024-A/fasta/genome.fa.fai
refdata-gex-GRCh38-2024-A/fasta/genome.fa
refdata-gex-GRCh38-2024-A/genes/
refdata-gex-GRCh38-2024-A/genes/genes.gtf.gz
refdata-cellranger-vdj-GRCh38-alts-ensembl-7.1.0/
refdata-cellranger-vdj-GRCh38-alts-ensembl-7.1.0/fasta/
refdata-cellranger-vdj-GRCh38-alts-ensembl-7.1.0/fasta/regions.fa
refdata-cellranger-vdj-GRCh38-alts-ensembl-7.1.0/fasta/supp_regions.fa
refdata-cellranger-vdj-GRCh38-alts-ensembl-7.1.0/reference.json
